<?xml version="1.0" encoding="UTF-8" ?>
<testsuite tests="15" failures="2" name="TestSuite" time="3,727.435" errors="0" skipped="8">
  <properties>
    <property name="java.vendor" value="Oracle Corporation"/>
    <property name="JOB_NAME" value="Flipkart2"/>
    <property name="RUN_TESTS_DISPLAY_URL" value="http://localhost:8080/job/Flipkart2/1/display/redirect?page=tests"/>
    <property name="sun.java.launcher" value="SUN_STANDARD"/>
    <property name="NUMBER_OF_PROCESSORS" value="8"/>
    <property name="sun.management.compiler" value="HotSpot 64-Bit Tiered Compilers"/>
    <property name="JENKINS_HOME" value="C:\WINDOWS\system32\config\systemprofile\AppData\Local\Jenkins\.jenkins"/>
    <property name="HUDSON_SERVER_COOKIE" value="6339f6188f521e48"/>
    <property name="os.name" value="Windows 10"/>
    <property name="sun.boot.class.path" value="C:\Program Files\Java\jdk1.8.0_291\jre\lib\resources.jar;C:\Program Files\Java\jdk1.8.0_291\jre\lib\rt.jar;C:\Program Files\Java\jdk1.8.0_291\jre\lib\sunrsasign.jar;C:\Program Files\Java\jdk1.8.0_291\jre\lib\jsse.jar;C:\Program Files\Java\jdk1.8.0_291\jre\lib\jce.jar;C:\Program Files\Java\jdk1.8.0_291\jre\lib\charsets.jar;C:\Program Files\Java\jdk1.8.0_291\jre\lib\jfr.jar;C:\Program Files\Java\jdk1.8.0_291\jre\classes"/>
    <property name="EXECUTOR_NUMBER" value="1"/>
    <property name="sun.desktop" value="windows"/>
    <property name="PATHEXT" value=".COM;.EXE;.BAT;.CMD;.VBS;.VBE;.JS;.JSE;.WSF;.WSH;.MSC"/>
    <property name="java.vm.specification.vendor" value="Oracle Corporation"/>
    <property name="NODE_LABELS" value="master"/>
    <property name="TEMP" value="C:\WINDOWS\TEMP"/>
    <property name="java.runtime.version" value="1.8.0_291-b10"/>
    <property name="WINSW_SERVICE_ID" value="jenkins"/>
    <property name="user.name" value="DESKTOP-AAFC7NS$"/>
    <property name="guice.disable.misplaced.annotation.check" value="true"/>
    <property name="CommonProgramW6432" value="C:\Program Files\Common Files"/>
    <property name="ProgramFiles" value="C:\Program Files"/>
    <property name="user.language" value="en"/>
    <property name="JOB_BASE_NAME" value="Flipkart2"/>
    <property name="RUN_CHANGES_DISPLAY_URL" value="http://localhost:8080/job/Flipkart2/1/display/redirect?page=changes"/>
    <property name="BUILD_DISPLAY_NAME" value="#1"/>
    <property name="sun.boot.library.path" value="C:\Program Files\Java\jdk1.8.0_291\jre\bin"/>
    <property name="LOCALAPPDATA" value="C:\WINDOWS\system32\config\systemprofile\AppData\Local"/>
    <property name="java.version" value="1.8.0_291"/>
    <property name="PROCESSOR_LEVEL" value="6"/>
    <property name="user.timezone" value="Asia/Calcutta"/>
    <property name="USERNAME" value="DESKTOP-AAFC7NS$"/>
    <property name="sun.arch.data.model" value="64"/>
    <property name="NODE_NAME" value="master"/>
    <property name="java.endorsed.dirs" value="C:\Program Files\Java\jdk1.8.0_291\jre\lib\endorsed"/>
    <property name="BUILD_ID" value="1"/>
    <property name="sun.cpu.isalist" value="amd64"/>
    <property name="sun.jnu.encoding" value="Cp1252"/>
    <property name="file.encoding.pkg" value="sun.io"/>
    <property name="file.separator" value="\"/>
    <property name="java.specification.name" value="Java Platform API Specification"/>
    <property name="maven.conf" value="C:\Windows\System32\config\systemprofile\AppData\Local\Jenkins\.jenkins\tools\hudson.tasks.Maven_MavenInstallation\Maven\conf"/>
    <property name="java.class.version" value="52.0"/>
    <property name="org.slf4j.simpleLogger.defaultLogLevel" value="info"/>
    <property name="user.country" value="IN"/>
    <property name="ALLUSERSPROFILE" value="C:\ProgramData"/>
    <property name="java.home" value="C:\Program Files\Java\jdk1.8.0_291\jre"/>
    <property name="java.vm.info" value="mixed mode"/>
    <property name="os.version" value="10.0"/>
    <property name="RUN_DISPLAY_URL" value="http://localhost:8080/job/Flipkart2/1/display/redirect"/>
    <property name="TMP" value="C:\WINDOWS\TEMP"/>
    <property name="RUN_ARTIFACTS_DISPLAY_URL" value="http://localhost:8080/job/Flipkart2/1/display/redirect?page=artifacts"/>
    <property name="path.separator" value=";"/>
    <property name="java.vm.version" value="25.291-b10"/>
    <property name="user.variant" value=""/>
    <property name="JOB_DISPLAY_URL" value="http://localhost:8080/job/Flipkart2/display/redirect"/>
    <property name="CommonProgramFiles(x86)" value="C:\Program Files (x86)\Common Files"/>
    <property name="java.awt.printerjob" value="sun.awt.windows.WPrinterJob"/>
    <property name="JAVA_HOME" value="C:\Program Files\Java\jdk1.8.0_291"/>
    <property name="sun.io.unicode.encoding" value="UnicodeLittle"/>
    <property name="CommonProgramFiles" value="C:\Program Files\Common Files"/>
    <property name="ComSpec" value="C:\WINDOWS\system32\cmd.exe"/>
    <property name="awt.toolkit" value="sun.awt.windows.WToolkit"/>
    <property name="SERVICE_ID" value="jenkins"/>
    <property name="COMPUTERNAME" value="DESKTOP-AAFC7NS"/>
    <property name="user.script" value=""/>
    <property name="PUBLIC" value="C:\Users\Public"/>
    <property name="user.home" value="C:\WINDOWS\system32\config\systemprofile"/>
    <property name="BUILD_TAG" value="jenkins-Flipkart2-1"/>
    <property name="JENKINS_SERVER_COOKIE" value="6339f6188f521e48"/>
    <property name="HUDSON_URL" value="http://localhost:8080/"/>
    <property name="ProgramData" value="C:\ProgramData"/>
    <property name="java.specification.vendor" value="Oracle Corporation"/>
    <property name="USERPROFILE" value="C:\WINDOWS\system32\config\systemprofile"/>
    <property name="CLASSPATH" value=""/>
    <property name="java.vendor.url" value="http://java.oracle.com/"/>
    <property name="java.library.path" value="C:\Program Files\Java\jdk1.8.0_291\bin;C:\WINDOWS\Sun\Java\bin;C:\WINDOWS\system32;C:\WINDOWS;C:\WINDOWS\system32\config\systemprofile\AppData\Local\Jenkins\.jenkins\tools\hudson.tasks.Maven_MavenInstallation\Maven/bin;C:\Program Files\Java\jdk1.8.0_291/bin;C:\Program Files\Java\jdk1.8.0_291/bin;C:\Program Files (x86)\Common Files\Oracle\Java\javapath;C:\WINDOWS\system32;C:\WINDOWS;C:\WINDOWS\System32\Wbem;C:\WINDOWS\System32\WindowsPowerShell\v1.0\;C:\WINDOWS\System32\OpenSSH\;C:\Program Files\Git\cmd;C:\WINDOWS\system32\config\systemprofile\AppData\Local\Microsoft\WindowsApps;."/>
    <property name="java.vm.vendor" value="Oracle Corporation"/>
    <property name="APPDATA" value="C:\WINDOWS\system32\config\systemprofile\AppData\Roaming"/>
    <property name="java.runtime.name" value="Java(TM) SE Runtime Environment"/>
    <property name="maven.home" value="C:\Windows\System32\config\systemprofile\AppData\Local\Jenkins\.jenkins\tools\hudson.tasks.Maven_MavenInstallation\Maven"/>
    <property name="java.class.path" value="C:\WINDOWS\system32\config\systemprofile\AppData\Local\Jenkins\.jenkins\plugins\maven-plugin\WEB-INF\lib\maven35-agent-1.13.jar;C:\WINDOWS\system32\config\systemprofile\AppData\Local\Jenkins\.jenkins\tools\hudson.tasks.Maven_MavenInstallation\Maven\boot\plexus-classworlds-2.6.0.jar;C:\WINDOWS\system32\config\systemprofile\AppData\Local\Jenkins\.jenkins\tools\hudson.tasks.Maven_MavenInstallation\Maven/conf/logging"/>
    <property name="sun.java.command" value="jenkins.maven3.agent.Maven35Main C:\WINDOWS\system32\config\systemprofile\AppData\Local\Jenkins\.jenkins\tools\hudson.tasks.Maven_MavenInstallation\Maven C:\Windows\System32\config\systemprofile\AppData\Local\Jenkins\war\WEB-INF\lib\remoting-4.7.jar C:\WINDOWS\system32\config\systemprofile\AppData\Local\Jenkins\.jenkins\plugins\maven-plugin\WEB-INF\lib\maven35-interceptor-1.13.jar C:\WINDOWS\system32\config\systemprofile\AppData\Local\Jenkins\.jenkins\plugins\maven-plugin\WEB-INF\lib\maven3-interceptor-commons-1.13.jar 65097"/>
    <property name="Path" value="C:\Program Files\Java\jdk1.8.0_291/bin;C:\Program Files (x86)\Common Files\Oracle\Java\javapath;C:\WINDOWS\system32;C:\WINDOWS;C:\WINDOWS\System32\Wbem;C:\WINDOWS\System32\WindowsPowerShell\v1.0\;C:\WINDOWS\System32\OpenSSH\;C:\Program Files\Git\cmd;C:\WINDOWS\system32\config\systemprofile\AppData\Local\Microsoft\WindowsApps"/>
    <property name="java.vm.specification.name" value="Java Virtual Machine Specification"/>
    <property name="PROCESSOR_ARCHITECTURE" value="AMD64"/>
    <property name="PATH+JDK" value="C:\Program Files\Java\jdk1.8.0_291/bin"/>
    <property name="PROCESSOR_IDENTIFIER" value="Intel64 Family 6 Model 142 Stepping 10, GenuineIntel"/>
    <property name="java.vm.specification.version" value="1.8"/>
    <property name="sun.os.patch.level" value=""/>
    <property name="sun.cpu.endian" value="little"/>
    <property name="M2_HOME" value="C:\WINDOWS\system32\config\systemprofile\AppData\Local\Jenkins\.jenkins\tools\hudson.tasks.Maven_MavenInstallation\Maven"/>
    <property name="java.io.tmpdir" value="C:\WINDOWS\TEMP\"/>
    <property name="CI" value="true"/>
    <property name="OS" value="Windows_NT"/>
    <property name="HUDSON_HOME" value="C:\WINDOWS\system32\config\systemprofile\AppData\Local\Jenkins\.jenkins"/>
    <property name="PATH+MAVEN" value="C:\WINDOWS\system32\config\systemprofile\AppData\Local\Jenkins\.jenkins\tools\hudson.tasks.Maven_MavenInstallation\Maven/bin"/>
    <property name="ProgramFiles(x86)" value="C:\Program Files (x86)"/>
    <property name="BUILD_URL" value="http://localhost:8080/job/Flipkart2/1/"/>
    <property name="java.vendor.url.bug" value="http://bugreport.sun.com/bugreport/"/>
    <property name="java.awt.graphicsenv" value="sun.awt.Win32GraphicsEnvironment"/>
    <property name="os.arch" value="amd64"/>
    <property name="SystemRoot" value="C:\WINDOWS"/>
    <property name="java.ext.dirs" value="C:\Program Files\Java\jdk1.8.0_291\jre\lib\ext;C:\WINDOWS\Sun\Java\lib\ext"/>
    <property name="user.dir" value="C:\Users\BestInd\eclipse-workspace\FlipkartTest"/>
    <property name="JOB_URL" value="http://localhost:8080/job/Flipkart2/"/>
    <property name="USERDOMAIN" value="WORKGROUP"/>
    <property name="line.separator" value="
"/>
    <property name="MAVEN_HOME" value="C:\WINDOWS\system32\config\systemprofile\AppData\Local\Jenkins\.jenkins\tools\hudson.tasks.Maven_MavenInstallation\Maven"/>
    <property name="java.vm.name" value="Java HotSpot(TM) 64-Bit Server VM"/>
    <property name="BUILD_NUMBER" value="1"/>
    <property name="BASE" value="C:\Program Files\Jenkins"/>
    <property name="JENKINS_URL" value="http://localhost:8080/"/>
    <property name="PROCESSOR_REVISION" value="8e0a"/>
    <property name="GIT_BRANCH" value="origin/main"/>
    <property name="ProgramW6432" value="C:\Program Files"/>
    <property name="windir" value="C:\WINDOWS"/>
    <property name="GIT_COMMIT" value="c1b196c0556f9e4a24b2f1d3b5ae6a14e6bd7450"/>
    <property name="file.encoding" value="Cp1252"/>
    <property name="SystemDrive" value="C:"/>
    <property name="maven3.interceptor" value="C:\WINDOWS\system32\config\systemprofile\AppData\Local\Jenkins\.jenkins\plugins\maven-plugin\WEB-INF\lib\maven35-interceptor-1.13.jar"/>
    <property name="WORKSPACE_TMP" value="C:\WINDOWS\system32\config\systemprofile\AppData\Local\Jenkins\.jenkins\workspace\Flipkart2@tmp"/>
    <property name="WORKSPACE" value="C:\WINDOWS\system32\config\systemprofile\AppData\Local\Jenkins\.jenkins\workspace\Flipkart2"/>
    <property name="maven3.interceptor.common" value="C:\WINDOWS\system32\config\systemprofile\AppData\Local\Jenkins\.jenkins\plugins\maven-plugin\WEB-INF\lib\maven3-interceptor-commons-1.13.jar"/>
    <property name="WINSW_EXECUTABLE" value="C:\Program Files\Jenkins\jenkins.exe"/>
    <property name="java.specification.version" value="1.8"/>
    <property name="PSModulePath" value="C:\Program Files\WindowsPowerShell\Modules;C:\WINDOWS\system32\WindowsPowerShell\v1.0\Modules"/>
    <property name="DriverData" value="C:\Windows\System32\Drivers\DriverData"/>
    <property name="GIT_URL" value="https://github.com/AmritaAngathil/flipkart.git"/>
  </properties>
  <testcase classname="com.flipkart.qa.testcases.LoginPageTest" name="loginTest" time="1.424"/>
  <testcase classname="com.flipkart.qa.testcases.HomePageTest" name="setUp" time="605.233">
    <failure message="session not created
from timeout: Timed out receiving message from renderer: 600.000
  (Session info: chrome=91.0.4472.124)
Build info: version: &apos;3.141.59&apos;, revision: &apos;e82be7d358&apos;, time: &apos;2018-11-14T08:17:03&apos;
System info: host: &apos;DESKTOP-AAFC7NS&apos;, ip: &apos;192.168.1.15&apos;, os.name: &apos;Windows 10&apos;, os.arch: &apos;amd64&apos;, os.version: &apos;10.0&apos;, java.version: &apos;1.8.0_291&apos;
Driver info: driver.version: ChromeDriver
remote stacktrace: Backtrace:
	Ordinal0 [0x00862DB3+2502067]
	Ordinal0 [0x007FC5B1+2082225]
	Ordinal0 [0x00702498+1057944]
	Ordinal0 [0x006F4D2F+1002799]
	Ordinal0 [0x006F3D69+998761]
	Ordinal0 [0x006F4026+999462]
	Ordinal0 [0x006F3915+997653]
	Ordinal0 [0x006FA54D+1025357]
	Ordinal0 [0x006F38D1+997585]
	Ordinal0 [0x006F47F6+1001462]
	Ordinal0 [0x006F3D69+998761]
	Ordinal0 [0x006F4026+999462]
	Ordinal0 [0x006F3915+997653]
	Ordinal0 [0x006F977C+1021820]
	Ordinal0 [0x006F38D1+997585]
	Ordinal0 [0x006F47F6+1001462]
	Ordinal0 [0x006F3D69+998761]
	Ordinal0 [0x006F4026+999462]
	Ordinal0 [0x006F3915+997653]
	Ordinal0 [0x006EF42D+980013]
	Ordinal0 [0x006F38D1+997585]
	Ordinal0 [0x006F3670+996976]
	Ordinal0 [0x006F3409+996361]
	Ordinal0 [0x007036A0+1062560]
	Ordinal0 [0x0074AA59+1354329]
	Ordinal0 [0x0074967A+1349242]
	Ordinal0 [0x00745BEB+1334251]
	Ordinal0 [0x00722174+1188212]
	Ordinal0 [0x00723009+1191945]
	GetHandleVerifier [0x009DEC5C+1511084]
	GetHandleVerifier [0x00A88522+2205554]
	GetHandleVerifier [0x008E3393+480739]
	GetHandleVerifier [0x008E2579+477129]
	Ordinal0 [0x00801E5D+2104925]
	Ordinal0 [0x008063F8+2122744]
	Ordinal0 [0x00806537+2123063]
	Ordinal0 [0x0080EE53+2158163]
	BaseThreadInitThunk [0x76DFFA29+25]
	RtlGetAppContainerNamedObjectPath [0x77907A9E+286]
	RtlGetAppContainerNamedObjectPath [0x77907A6E+238]
" type="org.openqa.selenium.SessionNotCreatedException">org.openqa.selenium.SessionNotCreatedException: session not created
from timeout: Timed out receiving message from renderer: 600.000
  (Session info: chrome=91.0.4472.124)
Build info: version: &apos;3.141.59&apos;, revision: &apos;e82be7d358&apos;, time: &apos;2018-11-14T08:17:03&apos;
System info: host: &apos;DESKTOP-AAFC7NS&apos;, ip: &apos;192.168.1.15&apos;, os.name: &apos;Windows 10&apos;, os.arch: &apos;amd64&apos;, os.version: &apos;10.0&apos;, java.version: &apos;1.8.0_291&apos;
Driver info: driver.version: ChromeDriver
remote stacktrace: Backtrace:
	Ordinal0 [0x00862DB3+2502067]
	Ordinal0 [0x007FC5B1+2082225]
	Ordinal0 [0x00702498+1057944]
	Ordinal0 [0x006F4D2F+1002799]
	Ordinal0 [0x006F3D69+998761]
	Ordinal0 [0x006F4026+999462]
	Ordinal0 [0x006F3915+997653]
	Ordinal0 [0x006FA54D+1025357]
	Ordinal0 [0x006F38D1+997585]
	Ordinal0 [0x006F47F6+1001462]
	Ordinal0 [0x006F3D69+998761]
	Ordinal0 [0x006F4026+999462]
	Ordinal0 [0x006F3915+997653]
	Ordinal0 [0x006F977C+1021820]
	Ordinal0 [0x006F38D1+997585]
	Ordinal0 [0x006F47F6+1001462]
	Ordinal0 [0x006F3D69+998761]
	Ordinal0 [0x006F4026+999462]
	Ordinal0 [0x006F3915+997653]
	Ordinal0 [0x006EF42D+980013]
	Ordinal0 [0x006F38D1+997585]
	Ordinal0 [0x006F3670+996976]
	Ordinal0 [0x006F3409+996361]
	Ordinal0 [0x007036A0+1062560]
	Ordinal0 [0x0074AA59+1354329]
	Ordinal0 [0x0074967A+1349242]
	Ordinal0 [0x00745BEB+1334251]
	Ordinal0 [0x00722174+1188212]
	Ordinal0 [0x00723009+1191945]
	GetHandleVerifier [0x009DEC5C+1511084]
	GetHandleVerifier [0x00A88522+2205554]
	GetHandleVerifier [0x008E3393+480739]
	GetHandleVerifier [0x008E2579+477129]
	Ordinal0 [0x00801E5D+2104925]
	Ordinal0 [0x008063F8+2122744]
	Ordinal0 [0x00806537+2123063]
	Ordinal0 [0x0080EE53+2158163]
	BaseThreadInitThunk [0x76DFFA29+25]
	RtlGetAppContainerNamedObjectPath [0x77907A9E+286]
	RtlGetAppContainerNamedObjectPath [0x77907A6E+238]

	at sun.reflect.NativeConstructorAccessorImpl.newInstance0(Native Method)
	at sun.reflect.NativeConstructorAccessorImpl.newInstance(NativeConstructorAccessorImpl.java:62)
	at sun.reflect.DelegatingConstructorAccessorImpl.newInstance(DelegatingConstructorAccessorImpl.java:45)
	at java.lang.reflect.Constructor.newInstance(Constructor.java:423)
	at org.openqa.selenium.remote.W3CHandshakeResponse.lambda$errorHandler$0(W3CHandshakeResponse.java:62)
	at org.openqa.selenium.remote.HandshakeResponse.lambda$getResponseFunction$0(HandshakeResponse.java:30)
	at org.openqa.selenium.remote.ProtocolHandshake.lambda$createSession$0(ProtocolHandshake.java:126)
	at java.util.stream.ReferencePipeline$3$1.accept(ReferencePipeline.java:193)
	at java.util.Spliterators$ArraySpliterator.tryAdvance(Spliterators.java:958)
	at java.util.stream.ReferencePipeline.forEachWithCancel(ReferencePipeline.java:126)
	at java.util.stream.AbstractPipeline.copyIntoWithCancel(AbstractPipeline.java:499)
	at java.util.stream.AbstractPipeline.copyInto(AbstractPipeline.java:486)
	at java.util.stream.AbstractPipeline.wrapAndCopyInto(AbstractPipeline.java:472)
	at java.util.stream.FindOps$FindOp.evaluateSequential(FindOps.java:152)
	at java.util.stream.AbstractPipeline.evaluate(AbstractPipeline.java:234)
	at java.util.stream.ReferencePipeline.findFirst(ReferencePipeline.java:464)
	at org.openqa.selenium.remote.ProtocolHandshake.createSession(ProtocolHandshake.java:128)
	at org.openqa.selenium.remote.ProtocolHandshake.createSession(ProtocolHandshake.java:74)
	at org.openqa.selenium.remote.HttpCommandExecutor.execute(HttpCommandExecutor.java:136)
	at org.openqa.selenium.remote.service.DriverCommandExecutor.execute(DriverCommandExecutor.java:83)
	at org.openqa.selenium.remote.RemoteWebDriver.execute(RemoteWebDriver.java:552)
	at org.openqa.selenium.remote.RemoteWebDriver.startSession(RemoteWebDriver.java:213)
	at org.openqa.selenium.remote.RemoteWebDriver.&lt;init&gt;(RemoteWebDriver.java:131)
	at org.openqa.selenium.chrome.ChromeDriver.&lt;init&gt;(ChromeDriver.java:181)
	at org.openqa.selenium.chrome.ChromeDriver.&lt;init&gt;(ChromeDriver.java:168)
	at org.openqa.selenium.chrome.ChromeDriver.&lt;init&gt;(ChromeDriver.java:123)
	at com.flipkart.qa.base.TestBase.initialization(TestBase.java:39)
	at com.flipkart.qa.testcases.HomePageTest.setUp(HomePageTest.java:32)
</failure>
    <system-err>Starting ChromeDriver 91.0.4472.19 (1bf021f248676a0b2ab3ee0561d83a59e424c23e-refs/branch-heads/4472@{#288}) on port 48637
Only local connections are allowed.
Please see https://chromedriver.chromium.org/security-considerations for suggestions on keeping ChromeDriver safe.
ChromeDriver was started successfully.
[1625056059.075][SEVERE]: Timed out receiving message from renderer: 600.000
</system-err>
  </testcase>
  <testcase classname="com.flipkart.qa.testcases.HomePageTest" name="verifyPageTitleTest" time="605.234">
    <skipped/>
  </testcase>
  <testcase classname="com.flipkart.qa.testcases.PaymentPageTest" name="setUp" time="1,206.712">
    <failure message="session not created
from timeout: Timed out receiving message from renderer: 600.000
  (Session info: chrome=91.0.4472.124)
Build info: version: &apos;3.141.59&apos;, revision: &apos;e82be7d358&apos;, time: &apos;2018-11-14T08:17:03&apos;
System info: host: &apos;DESKTOP-AAFC7NS&apos;, ip: &apos;192.168.1.15&apos;, os.name: &apos;Windows 10&apos;, os.arch: &apos;amd64&apos;, os.version: &apos;10.0&apos;, java.version: &apos;1.8.0_291&apos;
Driver info: driver.version: ChromeDriver
remote stacktrace: Backtrace:
	Ordinal0 [0x00862DB3+2502067]
	Ordinal0 [0x007FC5B1+2082225]
	Ordinal0 [0x00702498+1057944]
	Ordinal0 [0x006F4D2F+1002799]
	Ordinal0 [0x006F3D69+998761]
	Ordinal0 [0x006F4026+999462]
	Ordinal0 [0x006F3915+997653]
	Ordinal0 [0x006FE534+1041716]
	Ordinal0 [0x006F38D1+997585]
	Ordinal0 [0x006F47F6+1001462]
	Ordinal0 [0x006F3D69+998761]
	Ordinal0 [0x006F4026+999462]
	Ordinal0 [0x006F3915+997653]
	Ordinal0 [0x006FC5AA+1033642]
	Ordinal0 [0x006F38D1+997585]
	Ordinal0 [0x006F47F6+1001462]
	Ordinal0 [0x006F3D69+998761]
	Ordinal0 [0x006F4026+999462]
	Ordinal0 [0x006F3915+997653]
	Ordinal0 [0x006FA459+1025113]
	Ordinal0 [0x006F38D1+997585]
	Ordinal0 [0x006F47F6+1001462]
	Ordinal0 [0x006F3D69+998761]
	Ordinal0 [0x006F4026+999462]
	Ordinal0 [0x006F3915+997653]
	Ordinal0 [0x006F977C+1021820]
	Ordinal0 [0x006F38D1+997585]
	Ordinal0 [0x006F47F6+1001462]
	Ordinal0 [0x006F3D69+998761]
	Ordinal0 [0x006F4026+999462]
	Ordinal0 [0x006F3915+997653]
	Ordinal0 [0x006EF42D+980013]
	Ordinal0 [0x006F38D1+997585]
	Ordinal0 [0x006F3670+996976]
	Ordinal0 [0x006F3409+996361]
	Ordinal0 [0x007036A0+1062560]
	Ordinal0 [0x0074AA59+1354329]
	Ordinal0 [0x0074967A+1349242]
	Ordinal0 [0x00745BEB+1334251]
	Ordinal0 [0x00722174+1188212]
	Ordinal0 [0x00723009+1191945]
	GetHandleVerifier [0x009DEC5C+1511084]
	GetHandleVerifier [0x00A88522+2205554]
	GetHandleVerifier [0x008E3393+480739]
	GetHandleVerifier [0x008E2579+477129]
	Ordinal0 [0x00801E5D+2104925]
	Ordinal0 [0x008063F8+2122744]
	Ordinal0 [0x00806537+2123063]
	Ordinal0 [0x0080EE53+2158163]
	BaseThreadInitThunk [0x76DFFA29+25]
	RtlGetAppContainerNamedObjectPath [0x77907A9E+286]
	RtlGetAppContainerNamedObjectPath [0x77907A6E+238]
" type="org.openqa.selenium.SessionNotCreatedException">org.openqa.selenium.SessionNotCreatedException: session not created
from timeout: Timed out receiving message from renderer: 600.000
  (Session info: chrome=91.0.4472.124)
Build info: version: &apos;3.141.59&apos;, revision: &apos;e82be7d358&apos;, time: &apos;2018-11-14T08:17:03&apos;
System info: host: &apos;DESKTOP-AAFC7NS&apos;, ip: &apos;192.168.1.15&apos;, os.name: &apos;Windows 10&apos;, os.arch: &apos;amd64&apos;, os.version: &apos;10.0&apos;, java.version: &apos;1.8.0_291&apos;
Driver info: driver.version: ChromeDriver
remote stacktrace: Backtrace:
	Ordinal0 [0x00862DB3+2502067]
	Ordinal0 [0x007FC5B1+2082225]
	Ordinal0 [0x00702498+1057944]
	Ordinal0 [0x006F4D2F+1002799]
	Ordinal0 [0x006F3D69+998761]
	Ordinal0 [0x006F4026+999462]
	Ordinal0 [0x006F3915+997653]
	Ordinal0 [0x006FE534+1041716]
	Ordinal0 [0x006F38D1+997585]
	Ordinal0 [0x006F47F6+1001462]
	Ordinal0 [0x006F3D69+998761]
	Ordinal0 [0x006F4026+999462]
	Ordinal0 [0x006F3915+997653]
	Ordinal0 [0x006FC5AA+1033642]
	Ordinal0 [0x006F38D1+997585]
	Ordinal0 [0x006F47F6+1001462]
	Ordinal0 [0x006F3D69+998761]
	Ordinal0 [0x006F4026+999462]
	Ordinal0 [0x006F3915+997653]
	Ordinal0 [0x006FA459+1025113]
	Ordinal0 [0x006F38D1+997585]
	Ordinal0 [0x006F47F6+1001462]
	Ordinal0 [0x006F3D69+998761]
	Ordinal0 [0x006F4026+999462]
	Ordinal0 [0x006F3915+997653]
	Ordinal0 [0x006F977C+1021820]
	Ordinal0 [0x006F38D1+997585]
	Ordinal0 [0x006F47F6+1001462]
	Ordinal0 [0x006F3D69+998761]
	Ordinal0 [0x006F4026+999462]
	Ordinal0 [0x006F3915+997653]
	Ordinal0 [0x006EF42D+980013]
	Ordinal0 [0x006F38D1+997585]
	Ordinal0 [0x006F3670+996976]
	Ordinal0 [0x006F3409+996361]
	Ordinal0 [0x007036A0+1062560]
	Ordinal0 [0x0074AA59+1354329]
	Ordinal0 [0x0074967A+1349242]
	Ordinal0 [0x00745BEB+1334251]
	Ordinal0 [0x00722174+1188212]
	Ordinal0 [0x00723009+1191945]
	GetHandleVerifier [0x009DEC5C+1511084]
	GetHandleVerifier [0x00A88522+2205554]
	GetHandleVerifier [0x008E3393+480739]
	GetHandleVerifier [0x008E2579+477129]
	Ordinal0 [0x00801E5D+2104925]
	Ordinal0 [0x008063F8+2122744]
	Ordinal0 [0x00806537+2123063]
	Ordinal0 [0x0080EE53+2158163]
	BaseThreadInitThunk [0x76DFFA29+25]
	RtlGetAppContainerNamedObjectPath [0x77907A9E+286]
	RtlGetAppContainerNamedObjectPath [0x77907A6E+238]

	at sun.reflect.NativeConstructorAccessorImpl.newInstance0(Native Method)
	at sun.reflect.NativeConstructorAccessorImpl.newInstance(NativeConstructorAccessorImpl.java:62)
	at sun.reflect.DelegatingConstructorAccessorImpl.newInstance(DelegatingConstructorAccessorImpl.java:45)
	at java.lang.reflect.Constructor.newInstance(Constructor.java:423)
	at org.openqa.selenium.remote.W3CHandshakeResponse.lambda$errorHandler$0(W3CHandshakeResponse.java:62)
	at org.openqa.selenium.remote.HandshakeResponse.lambda$getResponseFunction$0(HandshakeResponse.java:30)
	at org.openqa.selenium.remote.ProtocolHandshake.lambda$createSession$0(ProtocolHandshake.java:126)
	at java.util.stream.ReferencePipeline$3$1.accept(ReferencePipeline.java:193)
	at java.util.Spliterators$ArraySpliterator.tryAdvance(Spliterators.java:958)
	at java.util.stream.ReferencePipeline.forEachWithCancel(ReferencePipeline.java:126)
	at java.util.stream.AbstractPipeline.copyIntoWithCancel(AbstractPipeline.java:499)
	at java.util.stream.AbstractPipeline.copyInto(AbstractPipeline.java:486)
	at java.util.stream.AbstractPipeline.wrapAndCopyInto(AbstractPipeline.java:472)
	at java.util.stream.FindOps$FindOp.evaluateSequential(FindOps.java:152)
	at java.util.stream.AbstractPipeline.evaluate(AbstractPipeline.java:234)
	at java.util.stream.ReferencePipeline.findFirst(ReferencePipeline.java:464)
	at org.openqa.selenium.remote.ProtocolHandshake.createSession(ProtocolHandshake.java:128)
	at org.openqa.selenium.remote.ProtocolHandshake.createSession(ProtocolHandshake.java:74)
	at org.openqa.selenium.remote.HttpCommandExecutor.execute(HttpCommandExecutor.java:136)
	at org.openqa.selenium.remote.service.DriverCommandExecutor.execute(DriverCommandExecutor.java:83)
	at org.openqa.selenium.remote.RemoteWebDriver.execute(RemoteWebDriver.java:552)
	at org.openqa.selenium.remote.RemoteWebDriver.startSession(RemoteWebDriver.java:213)
	at org.openqa.selenium.remote.RemoteWebDriver.&lt;init&gt;(RemoteWebDriver.java:131)
	at org.openqa.selenium.chrome.ChromeDriver.&lt;init&gt;(ChromeDriver.java:181)
	at org.openqa.selenium.chrome.ChromeDriver.&lt;init&gt;(ChromeDriver.java:168)
	at org.openqa.selenium.chrome.ChromeDriver.&lt;init&gt;(ChromeDriver.java:123)
	at com.flipkart.qa.base.TestBase.initialization(TestBase.java:39)
	at com.flipkart.qa.testcases.PaymentPageTest.setUp(PaymentPageTest.java:32)
</failure>
    <system-err>Starting ChromeDriver 91.0.4472.19 (1bf021f248676a0b2ab3ee0561d83a59e424c23e-refs/branch-heads/4472@{#288}) on port 46583
Only local connections are allowed.
Please see https://chromedriver.chromium.org/security-considerations for suggestions on keeping ChromeDriver safe.
ChromeDriver was started successfully.
[1625056660.502][SEVERE]: Timed out receiving message from renderer: 600.000
</system-err>
  </testcase>
  <testcase classname="com.flipkart.qa.testcases.PaymentPageTest" name="verifyPageIconTest" time="1,206.712">
    <skipped/>
  </testcase>
  <testcase classname="com.flipkart.qa.testcases.ProductPageTest" name="veifyUserNameTest" time="5.181"/>
  <testcase classname="com.flipkart.qa.testcases.HomePageTest" name="setUp" time="5.87">
    <skipped/>
  </testcase>
  <testcase classname="com.flipkart.qa.testcases.HomePageTest" name="veifyUserNameTest" time="5.87">
    <skipped/>
  </testcase>
  <testcase classname="com.flipkart.qa.testcases.PaymentPageTest" name="setUp" time="5.871">
    <skipped/>
  </testcase>
  <testcase classname="com.flipkart.qa.testcases.PaymentPageTest" name="payment" time="5.871">
    <skipped/>
  </testcase>
  <testcase classname="com.flipkart.qa.testcases.ProductPageTest" name="verifyProductNameTest" time="13.467"/>
  <testcase classname="com.flipkart.qa.testcases.HomePageTest" name="setUp" time="14.39">
    <skipped/>
  </testcase>
  <testcase classname="com.flipkart.qa.testcases.HomePageTest" name="searchProductStep" time="14.39">
    <skipped/>
  </testcase>
  <testcase classname="com.flipkart.qa.testcases.ProductPageTest" name="verifyProductPrice" time="5.031"/>
  <testcase classname="com.flipkart.qa.testcases.ProductPageTest" name="productBuyNow" time="26.179"/>
</testsuite>