<?xml version="1.0" encoding="UTF-8"?>
<!-- Generated by org.testng.reporters.JUnitReportReporter -->
<testsuite skipped="0" hostname="DESKTOP-AAFC7NS" name="com.flipkart.qa.testcases.HomePageTest" tests="3" failures="0" timestamp="30 Jun 2021 14:22:04 GMT" time="49.933" errors="0">
  <testcase name="verifyPageTitleTest" time="14.278" classname="com.flipkart.qa.testcases.HomePageTest"/>
  <testcase name="veifyUserNameTest" time="13.451" classname="com.flipkart.qa.testcases.HomePageTest"/>
  <testcase name="searchProductStep" time="22.204" classname="com.flipkart.qa.testcases.HomePageTest"/>
</testsuite> <!-- com.flipkart.qa.testcases.HomePageTest -->
