<?xml version="1.0" encoding="UTF-8"?>
<!-- Generated by org.testng.reporters.JUnitReportReporter -->
<testsuite skipped="0" hostname="DESKTOP-AAFC7NS" name="com.flipkart.qa.testcases.HomePageTest" tests="3" failures="0" timestamp="30 Jun 2021 11:42:53 GMT" time="62.358" errors="0">
  <testcase name="verifyPageTitleTest" time="13.754" classname="com.flipkart.qa.testcases.HomePageTest"/>
  <testcase name="veifyUserNameTest" time="16.374" classname="com.flipkart.qa.testcases.HomePageTest"/>
  <testcase name="searchProductStep" time="32.230" classname="com.flipkart.qa.testcases.HomePageTest"/>
</testsuite> <!-- com.flipkart.qa.testcases.HomePageTest -->
