<?xml version="1.0" encoding="UTF-8"?>
<!-- Generated by org.testng.reporters.JUnitReportReporter -->
<testsuite skipped="0" hostname="DESKTOP-AAFC7NS" name="com.flipkart.qa.testcases.ProductPage" tests="2" failures="0" timestamp="17 Jun 2021 08:09:58 GMT" time="20.599" errors="0">
  <testcase name="verifyPageTitleTest" time="8.965" classname="com.flipkart.qa.testcases.ProductPage"/>
  <testcase name="veifyUserNameTest" time="11.634" classname="com.flipkart.qa.testcases.ProductPage"/>
</testsuite> <!-- com.flipkart.qa.testcases.ProductPage -->
