<?xml version="1.0" encoding="UTF-8"?>
<!-- Generated by org.testng.reporters.JUnitReportReporter -->
<testsuite skipped="0" hostname="DESKTOP-AAFC7NS" name="com.flipkart.qa.testcases.PaymentPageTest" tests="2" failures="0" timestamp="30 Jun 2021 14:58:26 GMT" time="67.210" errors="0">
  <testcase name="verifyPageIconTest" time="31.302" classname="com.flipkart.qa.testcases.PaymentPageTest"/>
  <testcase name="payment" time="35.908" classname="com.flipkart.qa.testcases.PaymentPageTest"/>
</testsuite> <!-- com.flipkart.qa.testcases.PaymentPageTest -->
