<?xml version="1.0" encoding="UTF-8"?>
<!-- Generated by org.testng.reporters.JUnitReportReporter -->
<testsuite skipped="0" hostname="DESKTOP-AAFC7NS" name="com.flipkart.qa.testcases.ProductPageTest" tests="4" failures="0" timestamp="30 Jun 2021 14:58:26 GMT" time="109.483" errors="0">
  <testcase name="veifyUserNameTest" time="26.349" classname="com.flipkart.qa.testcases.ProductPageTest"/>
  <testcase name="verifyProductNameTest" time="25.947" classname="com.flipkart.qa.testcases.ProductPageTest"/>
  <testcase name="verifyProductPrice" time="24.875" classname="com.flipkart.qa.testcases.ProductPageTest"/>
  <testcase name="productBuyNow" time="32.312" classname="com.flipkart.qa.testcases.ProductPageTest"/>
</testsuite> <!-- com.flipkart.qa.testcases.ProductPageTest -->
