<?xml version="1.0" encoding="UTF-8"?>
<!-- Generated by org.testng.reporters.JUnitReportReporter -->
<testsuite skipped="0" hostname="DESKTOP-AAFC7NS" name="com.flipkart.qa.testcases.PaymentPageTest" tests="2" failures="0" timestamp="30 Jun 2021 11:42:53 GMT" time="69.925" errors="0">
  <testcase name="verifyPageIconTest" time="34.230" classname="com.flipkart.qa.testcases.PaymentPageTest"/>
  <testcase name="payment" time="35.695" classname="com.flipkart.qa.testcases.PaymentPageTest"/>
</testsuite> <!-- com.flipkart.qa.testcases.PaymentPageTest -->
