<?xml version="1.0" encoding="UTF-8"?>
<!-- Generated by org.testng.reporters.JUnitReportReporter -->
<testsuite skipped="0" hostname="DESKTOP-AAFC7NS" name="com.flipkart.qa.testcases.ProductPageTest" tests="4" failures="0" timestamp="30 Jun 2021 14:22:04 GMT" time="115.649" errors="0">
  <testcase name="veifyUserNameTest" time="27.869" classname="com.flipkart.qa.testcases.ProductPageTest"/>
  <testcase name="verifyProductNameTest" time="31.139" classname="com.flipkart.qa.testcases.ProductPageTest"/>
  <testcase name="verifyProductPrice" time="25.569" classname="com.flipkart.qa.testcases.ProductPageTest"/>
  <testcase name="productBuyNow" time="31.072" classname="com.flipkart.qa.testcases.ProductPageTest"/>
</testsuite> <!-- com.flipkart.qa.testcases.ProductPageTest -->
