<?xml version="1.0" encoding="UTF-8"?>
<!-- Generated by org.testng.reporters.JUnitReportReporter -->
<testsuite skipped="0" hostname="DESKTOP-AAFC7NS" name="com.flipkart.qa.testcases.ProductPageTest" tests="4" failures="0" timestamp="30 Jun 2021 11:42:53 GMT" time="120.236" errors="0">
  <testcase name="veifyUserNameTest" time="23.952" classname="com.flipkart.qa.testcases.ProductPageTest"/>
  <testcase name="verifyProductNameTest" time="27.791" classname="com.flipkart.qa.testcases.ProductPageTest"/>
  <testcase name="verifyProductPrice" time="31.188" classname="com.flipkart.qa.testcases.ProductPageTest"/>
  <testcase name="productBuyNow" time="37.305" classname="com.flipkart.qa.testcases.ProductPageTest"/>
</testsuite> <!-- com.flipkart.qa.testcases.ProductPageTest -->
