<?xml version="1.0" encoding="UTF-8"?>
<!-- Generated by org.testng.reporters.JUnitReportReporter -->
<testsuite skipped="2" hostname="DESKTOP-AAFC7NS" name="com.flipkart.qa.testcases.PaymentPageTest" tests="3" failures="0" timestamp="30 Jun 2021 12:40:49 GMT" time="601.469" errors="1">
  <testcase name="setUp" time="601.469" classname="com.flipkart.qa.testcases.PaymentPageTest">
    <error type="org.openqa.selenium.SessionNotCreatedException" message="session not created
from timeout: Timed out receiving message from renderer: 600.000
  (Session info: chrome=91.0.4472.124)
Build info: version: &#039;3.141.59&#039;, revision: &#039;e82be7d358&#039;, time: &#039;2018-11-14T08:17:03&#039;
System info: host: &#039;DESKTOP-AAFC7NS&#039;, ip: &#039;192.168.1.15&#039;, os.name: &#039;Windows 10&#039;, os.arch: &#039;amd64&#039;, os.version: &#039;10.0&#039;, java.version: &#039;1.8.0_291&#039;
Driver info: driver.version: ChromeDriver
remote stacktrace: Backtrace:
	Ordinal0 [0x00862DB3+2502067]
	Ordinal0 [0x007FC5B1+2082225]
	Ordinal0 [0x00702498+1057944]
	Ordinal0 [0x006F4D2F+1002799]
	Ordinal0 [0x006F3D69+998761]
	Ordinal0 [0x006F4026+999462]
	Ordinal0 [0x006F3915+997653]
	Ordinal0 [0x006FE534+1041716]
	Ordinal0 [0x006F38D1+997585]
	Ordinal0 [0x006F47F6+1001462]
	Ordinal0 [0x006F3D69+998761]
	Ordinal0 [0x006F4026+999462]
	Ordinal0 [0x006F3915+997653]
	Ordinal0 [0x006FC5AA+1033642]
	Ordinal0 [0x006F38D1+997585]
	Ordinal0 [0x006F47F6+1001462]
	Ordinal0 [0x006F3D69+998761]
	Ordinal0 [0x006F4026+999462]
	Ordinal0 [0x006F3915+997653]
	Ordinal0 [0x006FA459+1025113]
	Ordinal0 [0x006F38D1+997585]
	Ordinal0 [0x006F47F6+1001462]
	Ordinal0 [0x006F3D69+998761]
	Ordinal0 [0x006F4026+999462]
	Ordinal0 [0x006F3915+997653]
	Ordinal0 [0x006F977C+1021820]
	Ordinal0 [0x006F38D1+997585]
	Ordinal0 [0x006F47F6+1001462]
	Ordinal0 [0x006F3D69+998761]
	Ordinal0 [0x006F4026+999462]
	Ordinal0 [0x006F3915+997653]
	Ordinal0 [0x006EF42D+980013]
	Ordinal0 [0x006F38D1+997585]
	Ordinal0 [0x006F3670+996976]
	Ordinal0 [0x006F3409+996361]
	Ordinal0 [0x007036A0+1062560]
	Ordinal0 [0x0074AA59+1354329]
	Ordinal0 [0x0074967A+1349242]
	Ordinal0 [0x00745BEB+1334251]
	Ordinal0 [0x00722174+1188212]
	Ordinal0 [0x00723009+1191945]
	GetHandleVerifier [0x009DEC5C+1511084]
	GetHandleVerifier [0x00A88522+2205554]
	GetHandleVerifier [0x008E3393+480739]
	GetHandleVerifier [0x008E2579+477129]
	Ordinal0 [0x00801E5D+2104925]
	Ordinal0 [0x008063F8+2122744]
	Ordinal0 [0x00806537+2123063]
	Ordinal0 [0x0080EE53+2158163]
	BaseThreadInitThunk [0x76DFFA29+25]
	RtlGetAppContainerNamedObjectPath [0x77907A9E+286]
	RtlGetAppContainerNamedObjectPath [0x77907A6E+238]
">
      <![CDATA[org.openqa.selenium.SessionNotCreatedException: session not created
from timeout: Timed out receiving message from renderer: 600.000
  (Session info: chrome=91.0.4472.124)
Build info: version: '3.141.59', revision: 'e82be7d358', time: '2018-11-14T08:17:03'
System info: host: 'DESKTOP-AAFC7NS', ip: '192.168.1.15', os.name: 'Windows 10', os.arch: 'amd64', os.version: '10.0', java.version: '1.8.0_291'
Driver info: driver.version: ChromeDriver
remote stacktrace: Backtrace:
	Ordinal0 [0x00862DB3+2502067]
	Ordinal0 [0x007FC5B1+2082225]
	Ordinal0 [0x00702498+1057944]
	Ordinal0 [0x006F4D2F+1002799]
	Ordinal0 [0x006F3D69+998761]
	Ordinal0 [0x006F4026+999462]
	Ordinal0 [0x006F3915+997653]
	Ordinal0 [0x006FE534+1041716]
	Ordinal0 [0x006F38D1+997585]
	Ordinal0 [0x006F47F6+1001462]
	Ordinal0 [0x006F3D69+998761]
	Ordinal0 [0x006F4026+999462]
	Ordinal0 [0x006F3915+997653]
	Ordinal0 [0x006FC5AA+1033642]
	Ordinal0 [0x006F38D1+997585]
	Ordinal0 [0x006F47F6+1001462]
	Ordinal0 [0x006F3D69+998761]
	Ordinal0 [0x006F4026+999462]
	Ordinal0 [0x006F3915+997653]
	Ordinal0 [0x006FA459+1025113]
	Ordinal0 [0x006F38D1+997585]
	Ordinal0 [0x006F47F6+1001462]
	Ordinal0 [0x006F3D69+998761]
	Ordinal0 [0x006F4026+999462]
	Ordinal0 [0x006F3915+997653]
	Ordinal0 [0x006F977C+1021820]
	Ordinal0 [0x006F38D1+997585]
	Ordinal0 [0x006F47F6+1001462]
	Ordinal0 [0x006F3D69+998761]
	Ordinal0 [0x006F4026+999462]
	Ordinal0 [0x006F3915+997653]
	Ordinal0 [0x006EF42D+980013]
	Ordinal0 [0x006F38D1+997585]
	Ordinal0 [0x006F3670+996976]
	Ordinal0 [0x006F3409+996361]
	Ordinal0 [0x007036A0+1062560]
	Ordinal0 [0x0074AA59+1354329]
	Ordinal0 [0x0074967A+1349242]
	Ordinal0 [0x00745BEB+1334251]
	Ordinal0 [0x00722174+1188212]
	Ordinal0 [0x00723009+1191945]
	GetHandleVerifier [0x009DEC5C+1511084]
	GetHandleVerifier [0x00A88522+2205554]
	GetHandleVerifier [0x008E3393+480739]
	GetHandleVerifier [0x008E2579+477129]
	Ordinal0 [0x00801E5D+2104925]
	Ordinal0 [0x008063F8+2122744]
	Ordinal0 [0x00806537+2123063]
	Ordinal0 [0x0080EE53+2158163]
	BaseThreadInitThunk [0x76DFFA29+25]
	RtlGetAppContainerNamedObjectPath [0x77907A9E+286]
	RtlGetAppContainerNamedObjectPath [0x77907A6E+238]

	at sun.reflect.NativeConstructorAccessorImpl.newInstance0(Native Method)
	at sun.reflect.NativeConstructorAccessorImpl.newInstance(NativeConstructorAccessorImpl.java:62)
	at sun.reflect.DelegatingConstructorAccessorImpl.newInstance(DelegatingConstructorAccessorImpl.java:45)
	at java.lang.reflect.Constructor.newInstance(Constructor.java:423)
	at org.openqa.selenium.remote.W3CHandshakeResponse.lambda$errorHandler$0(W3CHandshakeResponse.java:62)
	at org.openqa.selenium.remote.HandshakeResponse.lambda$getResponseFunction$0(HandshakeResponse.java:30)
	at org.openqa.selenium.remote.ProtocolHandshake.lambda$createSession$0(ProtocolHandshake.java:126)
	at java.util.stream.ReferencePipeline$3$1.accept(ReferencePipeline.java:193)
	at java.util.Spliterators$ArraySpliterator.tryAdvance(Spliterators.java:958)
	at java.util.stream.ReferencePipeline.forEachWithCancel(ReferencePipeline.java:126)
	at java.util.stream.AbstractPipeline.copyIntoWithCancel(AbstractPipeline.java:499)
	at java.util.stream.AbstractPipeline.copyInto(AbstractPipeline.java:486)
	at java.util.stream.AbstractPipeline.wrapAndCopyInto(AbstractPipeline.java:472)
	at java.util.stream.FindOps$FindOp.evaluateSequential(FindOps.java:152)
	at java.util.stream.AbstractPipeline.evaluate(AbstractPipeline.java:234)
	at java.util.stream.ReferencePipeline.findFirst(ReferencePipeline.java:464)
	at org.openqa.selenium.remote.ProtocolHandshake.createSession(ProtocolHandshake.java:128)
	at org.openqa.selenium.remote.ProtocolHandshake.createSession(ProtocolHandshake.java:74)
	at org.openqa.selenium.remote.HttpCommandExecutor.execute(HttpCommandExecutor.java:136)
	at org.openqa.selenium.remote.service.DriverCommandExecutor.execute(DriverCommandExecutor.java:83)
	at org.openqa.selenium.remote.RemoteWebDriver.execute(RemoteWebDriver.java:552)
	at org.openqa.selenium.remote.RemoteWebDriver.startSession(RemoteWebDriver.java:213)
	at org.openqa.selenium.remote.RemoteWebDriver.<init>(RemoteWebDriver.java:131)
	at org.openqa.selenium.chrome.ChromeDriver.<init>(ChromeDriver.java:181)
	at org.openqa.selenium.chrome.ChromeDriver.<init>(ChromeDriver.java:168)
	at org.openqa.selenium.chrome.ChromeDriver.<init>(ChromeDriver.java:123)
	at com.flipkart.qa.base.TestBase.initialization(TestBase.java:39)
	at com.flipkart.qa.testcases.PaymentPageTest.setUp(PaymentPageTest.java:32)
	at sun.reflect.NativeMethodAccessorImpl.invoke0(Native Method)
	at sun.reflect.NativeMethodAccessorImpl.invoke(NativeMethodAccessorImpl.java:62)
	at sun.reflect.DelegatingMethodAccessorImpl.invoke(DelegatingMethodAccessorImpl.java:43)
	at java.lang.reflect.Method.invoke(Method.java:498)
	at org.testng.internal.MethodInvocationHelper.invokeMethod(MethodInvocationHelper.java:108)
	at org.testng.internal.Invoker.invokeConfigurationMethod(Invoker.java:523)
	at org.testng.internal.Invoker.invokeConfigurations(Invoker.java:224)
	at org.testng.internal.Invoker.invokeMethod(Invoker.java:599)
	at org.testng.internal.Invoker.invokeTestMethod(Invoker.java:869)
	at org.testng.internal.Invoker.invokeTestMethods(Invoker.java:1193)
	at org.testng.internal.TestMethodWorker.invokeTestMethods(TestMethodWorker.java:126)
	at org.testng.internal.TestMethodWorker.run(TestMethodWorker.java:109)
	at org.testng.TestRunner.privateRun(TestRunner.java:744)
	at org.testng.TestRunner.run(TestRunner.java:602)
	at org.testng.SuiteRunner.runTest(SuiteRunner.java:380)
	at org.testng.SuiteRunner.runSequentially(SuiteRunner.java:375)
	at org.testng.SuiteRunner.privateRun(SuiteRunner.java:340)
	at org.testng.SuiteRunner.run(SuiteRunner.java:289)
	at org.testng.SuiteRunnerWorker.runSuite(SuiteRunnerWorker.java:52)
	at org.testng.SuiteRunnerWorker.run(SuiteRunnerWorker.java:86)
	at org.testng.TestNG.runSuitesSequentially(TestNG.java:1301)
	at org.testng.TestNG.runSuitesLocally(TestNG.java:1226)
	at org.testng.TestNG.runSuites(TestNG.java:1144)
	at org.testng.TestNG.run(TestNG.java:1115)
	at org.apache.maven.surefire.testng.TestNGExecutor.run(TestNGExecutor.java:77)
	at org.apache.maven.surefire.testng.TestNGDirectoryTestSuite.executeMulti(TestNGDirectoryTestSuite.java:159)
	at org.apache.maven.surefire.testng.TestNGDirectoryTestSuite.execute(TestNGDirectoryTestSuite.java:99)
	at org.apache.maven.surefire.testng.TestNGProvider.invoke(TestNGProvider.java:106)
	at sun.reflect.NativeMethodAccessorImpl.invoke0(Native Method)
	at sun.reflect.NativeMethodAccessorImpl.invoke(NativeMethodAccessorImpl.java:62)
	at sun.reflect.DelegatingMethodAccessorImpl.invoke(DelegatingMethodAccessorImpl.java:43)
	at java.lang.reflect.Method.invoke(Method.java:498)
	at org.apache.maven.surefire.util.ReflectionUtils.invokeMethodWithArray(ReflectionUtils.java:189)
	at org.apache.maven.surefire.booter.ProviderFactory$ProviderProxy.invoke(ProviderFactory.java:165)
	at org.apache.maven.surefire.booter.ProviderFactory.invokeProvider(ProviderFactory.java:85)
	at org.apache.maven.surefire.booter.ForkedBooter.runSuitesInProcess(ForkedBooter.java:115)
	at org.apache.maven.surefire.booter.ForkedBooter.main(ForkedBooter.java:75)
]]>
    </error>
  </testcase> <!-- setUp -->
  <testcase name="verifyPageIconTest" time="0.000" classname="com.flipkart.qa.testcases.PaymentPageTest">
    <skipped/>
  </testcase> <!-- verifyPageIconTest -->
  <testcase name="payment" time="0.000" classname="com.flipkart.qa.testcases.PaymentPageTest">
    <skipped/>
  </testcase> <!-- payment -->
</testsuite> <!-- com.flipkart.qa.testcases.PaymentPageTest -->
