<?xml version="1.0" encoding="UTF-8"?>
<!-- Generated by org.testng.reporters.JUnitReportReporter -->
<testsuite skipped="0" hostname="DESKTOP-AAFC7NS" name="com.flipkart.qa.testcases.HomePageTest" tests="3" failures="0" timestamp="30 Jun 2021 14:51:25 GMT" time="47.914" errors="0">
  <testcase name="verifyPageTitleTest" time="13.496" classname="com.flipkart.qa.testcases.HomePageTest"/>
  <testcase name="veifyUserNameTest" time="10.783" classname="com.flipkart.qa.testcases.HomePageTest"/>
  <testcase name="searchProductStep" time="23.635" classname="com.flipkart.qa.testcases.HomePageTest"/>
</testsuite> <!-- com.flipkart.qa.testcases.HomePageTest -->
