<?xml version="1.0" encoding="UTF-8"?>
<!-- Generated by org.testng.reporters.JUnitReportReporter -->
<testsuite skipped="0" hostname="DESKTOP-AAFC7NS" name="com.flipkart.qa.testcases.ProductPageTest" tests="4" failures="0" timestamp="30 Jun 2021 12:40:48 GMT" time="187.149" errors="0">
  <testcase name="veifyUserNameTest" time="52.475" classname="com.flipkart.qa.testcases.ProductPageTest"/>
  <testcase name="verifyProductNameTest" time="40.401" classname="com.flipkart.qa.testcases.ProductPageTest"/>
  <testcase name="verifyProductPrice" time="29.744" classname="com.flipkart.qa.testcases.ProductPageTest"/>
  <testcase name="productBuyNow" time="64.529" classname="com.flipkart.qa.testcases.ProductPageTest"/>
</testsuite> <!-- com.flipkart.qa.testcases.ProductPageTest -->
