<?xml version="1.0" encoding="UTF-8"?>
<!-- Generated by org.testng.reporters.JUnitReportReporter -->
<testsuite skipped="0" hostname="DESKTOP-AAFC7NS" name="com.flipkart.qa.testcases.PaymentPageTest" tests="1" failures="0" timestamp="30 Jun 2021 07:22:01 GMT" time="40.929" errors="0">
  <testcase name="payment" time="40.929" classname="com.flipkart.qa.testcases.PaymentPageTest"/>
</testsuite> <!-- com.flipkart.qa.testcases.PaymentPageTest -->
