<?xml version="1.0" encoding="UTF-8"?>
<!-- Generated by org.testng.reporters.JUnitReportReporter -->
<testsuite skipped="0" hostname="DESKTOP-AAFC7NS" name="com.flipkart.qa.testcases.HomePageTest" tests="3" failures="0" timestamp="30 Jun 2021 07:22:01 GMT" time="58.149" errors="0">
  <testcase name="verifyPageTitleTest" time="19.861" classname="com.flipkart.qa.testcases.HomePageTest"/>
  <testcase name="veifyUserNameTest" time="19.052" classname="com.flipkart.qa.testcases.HomePageTest"/>
  <testcase name="searchProductStep" time="19.236" classname="com.flipkart.qa.testcases.HomePageTest"/>
</testsuite> <!-- com.flipkart.qa.testcases.HomePageTest -->
