<?xml version="1.0" encoding="UTF-8"?>
<!-- Generated by org.testng.reporters.JUnitReportReporter -->
<testsuite skipped="0" hostname="DESKTOP-AAFC7NS" name="com.flipkart.qa.testcases.LoginPageTest" tests="1" failures="0" timestamp="30 Jun 2021 14:51:25 GMT" time="9.986" errors="0">
  <testcase name="loginTest" time="9.986" classname="com.flipkart.qa.testcases.LoginPageTest"/>
</testsuite> <!-- com.flipkart.qa.testcases.LoginPageTest -->
